     1 00000000                                 [FORMAT "WCOFF"]
     2 00000000                                 [INSTRSET "i486p"]
     3 00000000                                 [OPTIMIZE 1]
     4 00000000                                 [OPTION 1]
     5 00000000                                 [BITS 32]
     6 00000000                                 	EXTERN	_io_load_eflags
     7 00000000                                 	EXTERN	_io_store_eflags
     8 00000000                                 	EXTERN	_memtest_sub
     9 00000000                                 	EXTERN	_load_cr0
    10 00000000                                 	EXTERN	_store_cr0
    11 00000000                                 [FILE "buddy.c"]
    12                                          [SECTION .text]
    13 00000000                                 	GLOBAL	_cntLeadingZeros
    14 00000000                                 _cntLeadingZeros:
    15 00000000 55                              	PUSH	EBP
    16 00000001 31 D2                           	XOR	EDX,EDX
    17 00000003 89 E5                           	MOV	EBP,ESP
    18 00000005 8B 45 08                        	MOV	EAX,DWORD [8+EBP]
    19 00000008 83 F0 FF                        	XOR	EAX,-1
    20 0000000B 79 05                           	JNS	L7
    21 0000000D                                 L5:
    22 0000000D 42                              	INC	EDX
    23 0000000E 01 C0                           	ADD	EAX,EAX
    24 00000010 78 FB                           	JS	L5
    25 00000012                                 L7:
    26 00000012 89 D0                           	MOV	EAX,EDX
    27 00000014 5D                              	POP	EBP
    28 00000015 C3                              	RET
    29 00000016                                 	GLOBAL	_memSet
    30 00000016                                 _memSet:
    31 00000016 55                              	PUSH	EBP
    32 00000017 31 C0                           	XOR	EAX,EAX
    33 00000019 89 E5                           	MOV	EBP,ESP
    34 0000001B 53                              	PUSH	EBX
    35 0000001C 8B 5D 08                        	MOV	EBX,DWORD [8+EBP]
    36 0000001F 8B 55 10                        	MOV	EDX,DWORD [16+EBP]
    37 00000022 85 DB                           	TEST	EBX,EBX
    38 00000024 74 18                           	JE	L8
    39 00000026 89 D0                           	MOV	EAX,EDX
    40 00000028 89 D9                           	MOV	ECX,EBX
    41 0000002A 4A                              	DEC	EDX
    42 0000002B 85 C0                           	TEST	EAX,EAX
    43 0000002D 74 0D                           	JE	L15
    44 0000002F                                 L13:
    45 0000002F 8A 45 0C                        	MOV	AL,BYTE [12+EBP]
    46 00000032 88 01                           	MOV	BYTE [ECX],AL
    47 00000034 89 D0                           	MOV	EAX,EDX
    48 00000036 41                              	INC	ECX
    49 00000037 4A                              	DEC	EDX
    50 00000038 85 C0                           	TEST	EAX,EAX
    51 0000003A 75 F3                           	JNE	L13
    52 0000003C                                 L15:
    53 0000003C 89 D8                           	MOV	EAX,EBX
    54 0000003E                                 L8:
    55 0000003E 5B                              	POP	EBX
    56 0000003F 5D                              	POP	EBP
    57 00000040 C3                              	RET
    58 00000041                                 	GLOBAL	_buddy_check
    59 00000041                                 _buddy_check:
    60 00000041 55                              	PUSH	EBP
    61 00000042 89 E5                           	MOV	EBP,ESP
    62 00000044 56                              	PUSH	ESI
    63 00000045 53                              	PUSH	EBX
    64 00000046 8B 75 0C                        	MOV	ESI,DWORD [12+EBP]
    65 00000049 8B 5D 10                        	MOV	EBX,DWORD [16+EBP]
    66 0000004C 89 F2                           	MOV	EDX,ESI
    67 0000004E 39 DE                           	CMP	ESI,EBX
    68 00000050 76 02                           	JBE	L17
    69 00000052 89 DA                           	MOV	EDX,EBX
    70 00000054                                 L17:
    71 00000054 8B 45 08                        	MOV	EAX,DWORD [8+EBP]
    72 00000057 89 D1                           	MOV	ECX,EDX
    73 00000059 89 F2                           	MOV	EDX,ESI
    74 0000005B 8B 00                           	MOV	EAX,DWORD [EAX]
    75 0000005D 29 C1                           	SUB	ECX,EAX
    76 0000005F 39 DE                           	CMP	ESI,EBX
    77 00000061 73 02                           	JAE	L18
    78 00000063 89 DA                           	MOV	EDX,EBX
    79 00000065                                 L18:
    80 00000065 33 4D 14                        	XOR	ECX,DWORD [20+EBP]
    81 00000068 5B                              	POP	EBX
    82 00000069 29 C2                           	SUB	EDX,EAX
    83 0000006B 5E                              	POP	ESI
    84 0000006C 31 C0                           	XOR	EAX,EAX
    85 0000006E 5D                              	POP	EBP
    86 0000006F 39 D1                           	CMP	ECX,EDX
    87 00000071 0F 94 C0                        	SETE	AL
    88 00000074 C3                              	RET
    89 00000075                                 	GLOBAL	_buddy_add_free_item
    90 00000075                                 _buddy_add_free_item:
    91 00000075 55                              	PUSH	EBP
    92 00000076 89 E5                           	MOV	EBP,ESP
    93 00000078 57                              	PUSH	EDI
    94 00000079 56                              	PUSH	ESI
    95 0000007A 53                              	PUSH	EBX
    96 0000007B 83 EC 0C                        	SUB	ESP,12
    97 0000007E 8B 45 08                        	MOV	EAX,DWORD [8+EBP]
    98 00000081 8B 75 0C                        	MOV	ESI,DWORD [12+EBP]
    99 00000084 89 45 F0                        	MOV	DWORD [-16+EBP],EAX
   100 00000087 8B 7D 10                        	MOV	EDI,DWORD [16+EBP]
   101 0000008A 8B 45 14                        	MOV	EAX,DWORD [20+EBP]
   102 0000008D                                 L28:
   103 0000008D 8B 55 F0                        	MOV	EDX,DWORD [-16+EBP]
   104 00000090 89 F9                           	MOV	ECX,EDI
   105 00000092 C7 45 EC 00000001               	MOV	DWORD [-20+EBP],1
   106 00000099 8B 5C BA D4                     	MOV	EBX,DWORD [-44+EDX+EDI*4]
   107 0000009D C7 06 00000000                  	MOV	DWORD [ESI],0
   108 000000A3 D3 65 EC                        	SAL	DWORD [-20+EBP],CL
   109 000000A6 85 C0                           	TEST	EAX,EAX
   110 000000A8 75 5D                           	JNE	L20
   111 000000AA 85 DB                           	TEST	EBX,EBX
   112 000000AC 74 59                           	JE	L20
   113 000000AE C7 45 E8 00000000               	MOV	DWORD [-24+EBP],0
   114 000000B5                                 L32:
   115 000000B5 FF 75 EC                        	PUSH	DWORD [-20+EBP]
   116 000000B8 56                              	PUSH	ESI
   117 000000B9 53                              	PUSH	EBX
   118 000000BA FF 75 F0                        	PUSH	DWORD [-16+EBP]
   119 000000BD E8 FFFFFF7F                     	CALL	_buddy_check
   120 000000C2 83 C4 10                        	ADD	ESP,16
   121 000000C5 85 C0                           	TEST	EAX,EAX
   122 000000C7 75 17                           	JNE	L34
   123 000000C9 8B 03                           	MOV	EAX,DWORD [EBX]
   124 000000CB 85 C0                           	TEST	EAX,EAX
   125 000000CD 74 07                           	JE	L35
   126 000000CF 89 5D E8                        	MOV	DWORD [-24+EBP],EBX
   127 000000D2 89 C3                           	MOV	EBX,EAX
   128 000000D4 EB DF                           	JMP	L32
   129 000000D6                                 L35:
   130 000000D6 89 33                           	MOV	DWORD [EBX],ESI
   131 000000D8                                 L19:
   132 000000D8 8D 65 F4                        	LEA	ESP,DWORD [-12+EBP]
   133 000000DB 5B                              	POP	EBX
   134 000000DC 5E                              	POP	ESI
   135 000000DD 5F                              	POP	EDI
   136 000000DE 5D                              	POP	EBP
   137 000000DF C3                              	RET
   138 000000E0                                 L34:
   139 000000E0 83 7D E8 00                     	CMP	DWORD [-24+EBP],0
   140 000000E4 74 16                           	JE	L25
   141 000000E6 8B 55 E8                        	MOV	EDX,DWORD [-24+EBP]
   142 000000E9 8B 03                           	MOV	EAX,DWORD [EBX]
   143 000000EB 89 02                           	MOV	DWORD [EDX],EAX
   144 000000ED                                 L26:
   145 000000ED 89 D8                           	MOV	EAX,EBX
   146 000000EF 39 F3                           	CMP	EBX,ESI
   147 000000F1 76 02                           	JBE	L27
   148 000000F3 89 F0                           	MOV	EAX,ESI
   149 000000F5                                 L27:
   150 000000F5 89 C6                           	MOV	ESI,EAX
   151 000000F7 47                              	INC	EDI
   152 000000F8 31 C0                           	XOR	EAX,EAX
   153 000000FA EB 91                           	JMP	L28
   154 000000FC                                 L25:
   155 000000FC 8B 4D F0                        	MOV	ECX,DWORD [-16+EBP]
   156 000000FF 8B 03                           	MOV	EAX,DWORD [EBX]
   157 00000101 89 44 B9 D4                     	MOV	DWORD [-44+ECX+EDI*4],EAX
   158 00000105 EB E6                           	JMP	L26
   159 00000107                                 L20:
   160 00000107 8B 45 F0                        	MOV	EAX,DWORD [-16+EBP]
   161 0000010A 89 1E                           	MOV	DWORD [ESI],EBX
   162 0000010C 89 74 B8 D4                     	MOV	DWORD [-44+EAX+EDI*4],ESI
   163 00000110 EB C6                           	JMP	L19
   164 00000112                                 	GLOBAL	_buddy_alloc
   165 00000112                                 _buddy_alloc:
   166 00000112 55                              	PUSH	EBP
   167 00000113 89 E5                           	MOV	EBP,ESP
   168 00000115 57                              	PUSH	EDI
   169 00000116 56                              	PUSH	ESI
   170 00000117 8B 45 0C                        	MOV	EAX,DWORD [12+EBP]
   171 0000011A 53                              	PUSH	EBX
   172 0000011B 48                              	DEC	EAX
   173 0000011C 50                              	PUSH	EAX
   174 0000011D E8 FFFFFEDE                     	CALL	_cntLeadingZeros
   175 00000122 B9 00000020                     	MOV	ECX,32
   176 00000127 29 C1                           	SUB	ECX,EAX
   177 00000129 58                              	POP	EAX
   178 0000012A 31 C0                           	XOR	EAX,EAX
   179 0000012C 83 F9 18                        	CMP	ECX,24
   180 0000012F 7F 1A                           	JG	L36
   181 00000131 BF 00000001                     	MOV	EDI,1
   182 00000136 D3 E7                           	SAL	EDI,CL
   183 00000138                                 L48:
   184 00000138 8B 45 08                        	MOV	EAX,DWORD [8+EBP]
   185 0000013B 8B 74 88 D4                     	MOV	ESI,DWORD [-44+EAX+ECX*4]
   186 0000013F 85 F6                           	TEST	ESI,ESI
   187 00000141 75 10                           	JNE	L52
   188 00000143 41                              	INC	ECX
   189 00000144 83 F9 18                        	CMP	ECX,24
   190 00000147 7E EF                           	JLE	L48
   191 00000149 31 C0                           	XOR	EAX,EAX
   192 0000014B                                 L36:
   193 0000014B 8D 65 F4                        	LEA	ESP,DWORD [-12+EBP]
   194 0000014E 5B                              	POP	EBX
   195 0000014F 5E                              	POP	ESI
   196 00000150 5F                              	POP	EDI
   197 00000151 5D                              	POP	EBP
   198 00000152 C3                              	RET
   199 00000153                                 L52:
   200 00000153 8B 55 08                        	MOV	EDX,DWORD [8+EBP]
   201 00000156 BB 00000001                     	MOV	EBX,1
   202 0000015B 8B 06                           	MOV	EAX,DWORD [ESI]
   203 0000015D D3 E3                           	SAL	EBX,CL
   204 0000015F 89 44 8A D4                     	MOV	DWORD [-44+EDX+ECX*4],EAX
   205 00000163 39 FB                           	CMP	EBX,EDI
   206 00000165 74 04                           	JE	L43
   207 00000167 39 FB                           	CMP	EBX,EDI
   208 00000169 77 04                           	JA	L47
   209 0000016B                                 L43:
   210 0000016B 89 F0                           	MOV	EAX,ESI
   211 0000016D EB DC                           	JMP	L36
   212 0000016F                                 L47:
   213 0000016F D1 EB                           	SHR	EBX,1
   214 00000171 6A 01                           	PUSH	1
   215 00000173 8D 43 FF                        	LEA	EAX,DWORD [-1+EBX]
   216 00000176 50                              	PUSH	EAX
   217 00000177 E8 FFFFFE84                     	CALL	_cntLeadingZeros
   218 0000017C BA 00000020                     	MOV	EDX,32
   219 00000181 29 C2                           	SUB	EDX,EAX
   220 00000183 8D 04 33                        	LEA	EAX,DWORD [EBX+ESI*1]
   221 00000186 89 14 24                        	MOV	DWORD [ESP],EDX
   222 00000189 50                              	PUSH	EAX
   223 0000018A FF 75 08                        	PUSH	DWORD [8+EBP]
   224 0000018D E8 FFFFFEE3                     	CALL	_buddy_add_free_item
   225 00000192 83 C4 10                        	ADD	ESP,16
   226 00000195 39 FB                           	CMP	EBX,EDI
   227 00000197 77 D6                           	JA	L47
   228 00000199 EB D0                           	JMP	L43
   229 0000019B                                 	GLOBAL	_buddy_dealloc
   230 0000019B                                 _buddy_dealloc:
   231 0000019B 55                              	PUSH	EBP
   232 0000019C 89 E5                           	MOV	EBP,ESP
   233 0000019E 8B 45 10                        	MOV	EAX,DWORD [16+EBP]
   234 000001A1 48                              	DEC	EAX
   235 000001A2 50                              	PUSH	EAX
   236 000001A3 E8 FFFFFE58                     	CALL	_cntLeadingZeros
   237 000001A8 6A 00                           	PUSH	0
   238 000001AA BA 00000020                     	MOV	EDX,32
   239 000001AF 29 C2                           	SUB	EDX,EAX
   240 000001B1 52                              	PUSH	EDX
   241 000001B2 FF 75 0C                        	PUSH	DWORD [12+EBP]
   242 000001B5 FF 75 08                        	PUSH	DWORD [8+EBP]
   243 000001B8 E8 FFFFFEB8                     	CALL	_buddy_add_free_item
   244 000001BD C9                              	LEAVE
   245 000001BE C3                              	RET
   246 000001BF                                 	GLOBAL	_buddy_status
   247 000001BF                                 _buddy_status:
   248 000001BF 55                              	PUSH	EBP
   249 000001C0 B9 0000000C                     	MOV	ECX,12
   250 000001C5 89 E5                           	MOV	EBP,ESP
   251 000001C7 56                              	PUSH	ESI
   252 000001C8 53                              	PUSH	EBX
   253 000001C9 31 DB                           	XOR	EBX,EBX
   254 000001CB 8B 75 08                        	MOV	ESI,DWORD [8+EBP]
   255 000001CE                                 L63:
   256 000001CE 8B 54 8E D4                     	MOV	EDX,DWORD [-44+ESI+ECX*4]
   257 000001D2 85 D2                           	TEST	EDX,EDX
   258 000001D4 74 0F                           	JE	L67
   259 000001D6                                 L62:
   260 000001D6 B8 00000001                     	MOV	EAX,1
   261 000001DB 8B 12                           	MOV	EDX,DWORD [EDX]
   262 000001DD D3 E0                           	SAL	EAX,CL
   263 000001DF 01 C3                           	ADD	EBX,EAX
   264 000001E1 85 D2                           	TEST	EDX,EDX
   265 000001E3 75 F1                           	JNE	L62
   266 000001E5                                 L67:
   267 000001E5 41                              	INC	ECX
   268 000001E6 83 F9 18                        	CMP	ECX,24
   269 000001E9 7E E3                           	JLE	L63
   270 000001EB 89 D8                           	MOV	EAX,EBX
   271 000001ED 5B                              	POP	EBX
   272 000001EE 5E                              	POP	ESI
   273 000001EF 5D                              	POP	EBP
   274 000001F0 C3                              	RET
   275 000001F1                                 	GLOBAL	_buddy_list_status
   276 000001F1                                 _buddy_list_status:
   277 000001F1 55                              	PUSH	EBP
   278 000001F2 BA 0000000C                     	MOV	EDX,12
   279 000001F7 89 E5                           	MOV	EBP,ESP
   280 000001F9 8B 4D 08                        	MOV	ECX,DWORD [8+EBP]
   281 000001FC                                 L77:
   282 000001FC 8B 44 91 D4                     	MOV	EAX,DWORD [-44+ECX+EDX*4]
   283 00000200 C7 44 91 08 00000000            	MOV	DWORD [8+ECX+EDX*4],0
   284 00000208 85 C0                           	TEST	EAX,EAX
   285 0000020A 74 0A                           	JE	L81
   286 0000020C                                 L76:
   287 0000020C FF 44 91 08                     	INC	DWORD [8+ECX+EDX*4]
   288 00000210 8B 00                           	MOV	EAX,DWORD [EAX]
   289 00000212 85 C0                           	TEST	EAX,EAX
   290 00000214 75 F6                           	JNE	L76
   291 00000216                                 L81:
   292 00000216 42                              	INC	EDX
   293 00000217 83 FA 18                        	CMP	EDX,24
   294 0000021A 7E E0                           	JLE	L77
   295 0000021C 5D                              	POP	EBP
   296 0000021D C3                              	RET
   297 0000021E                                 	GLOBAL	_buddy_init
   298 0000021E                                 _buddy_init:
   299 0000021E 55                              	PUSH	EBP
   300 0000021F 31 C0                           	XOR	EAX,EAX
   301 00000221 89 E5                           	MOV	EBP,ESP
   302 00000223 57                              	PUSH	EDI
   303 00000224 56                              	PUSH	ESI
   304 00000225 53                              	PUSH	EBX
   305 00000226 52                              	PUSH	EDX
   306 00000227 8B 7D 10                        	MOV	EDI,DWORD [16+EBP]
   307 0000022A 8B 75 08                        	MOV	ESI,DWORD [8+EBP]
   308 0000022D 81 FF 00001000                  	CMP	EDI,4096
   309 00000233 77 08                           	JA	L97
   310 00000235                                 L82:
   311 00000235 8D 65 F4                        	LEA	ESP,DWORD [-12+EBP]
   312 00000238 5B                              	POP	EBX
   313 00000239 5E                              	POP	ESI
   314 0000023A 5F                              	POP	EDI
   315 0000023B 5D                              	POP	EBP
   316 0000023C C3                              	RET
   317 0000023D                                 L97:
   318 0000023D 6A 6C                           	PUSH	108
   319 0000023F 89 75 F0                        	MOV	DWORD [-16+EBP],ESI
   320 00000242 6A 00                           	PUSH	0
   321 00000244 8B 75 0C                        	MOV	ESI,DWORD [12+EBP]
   322 00000247 FF 75 F0                        	PUSH	DWORD [-16+EBP]
   323 0000024A E8 FFFFFDC7                     	CALL	_memSet
   324 0000024F 83 C4 0C                        	ADD	ESP,12
   325 00000252 8B 45 F0                        	MOV	EAX,DWORD [-16+EBP]
   326 00000255 89 30                           	MOV	DWORD [EAX],ESI
   327 00000257                                 L93:
   328 00000257 BB 00000018                     	MOV	EBX,24
   329 0000025C                                 L92:
   330 0000025C 89 F8                           	MOV	EAX,EDI
   331 0000025E 88 D9                           	MOV	CL,BL
   332 00000260 D3 E8                           	SHR	EAX,CL
   333 00000262 85 C0                           	TEST	EAX,EAX
   334 00000264 75 13                           	JNE	L98
   335 00000266 4B                              	DEC	EBX
   336 00000267 83 FB 0B                        	CMP	EBX,11
   337 0000026A 7F F0                           	JG	L92
   338 0000026C                                 L84:
   339 0000026C 81 FF 00001000                  	CMP	EDI,4096
   340 00000272 77 E3                           	JA	L93
   341 00000274 8B 45 F0                        	MOV	EAX,DWORD [-16+EBP]
   342 00000277 EB BC                           	JMP	L82
   343 00000279                                 L98:
   344 00000279 6A 01                           	PUSH	1
   345 0000027B 53                              	PUSH	EBX
   346 0000027C 56                              	PUSH	ESI
   347 0000027D FF 75 F0                        	PUSH	DWORD [-16+EBP]
   348 00000280 E8 FFFFFDF0                     	CALL	_buddy_add_free_item
   349 00000285 83 C4 10                        	ADD	ESP,16
   350 00000288 B8 00000001                     	MOV	EAX,1
   351 0000028D 88 D9                           	MOV	CL,BL
   352 0000028F D3 E0                           	SAL	EAX,CL
   353 00000291 01 C6                           	ADD	ESI,EAX
   354 00000293 29 C7                           	SUB	EDI,EAX
   355 00000295 EB D5                           	JMP	L84
   356 00000297                                 	GLOBAL	_memtest
   357 00000297                                 _memtest:
   358 00000297 55                              	PUSH	EBP
   359 00000298 89 E5                           	MOV	EBP,ESP
   360 0000029A 56                              	PUSH	ESI
   361 0000029B 53                              	PUSH	EBX
   362 0000029C 31 F6                           	XOR	ESI,ESI
   363 0000029E E8 [00000000]                   	CALL	_io_load_eflags
   364 000002A3 0D 00040000                     	OR	EAX,262144
   365 000002A8 50                              	PUSH	EAX
   366 000002A9 E8 [00000000]                   	CALL	_io_store_eflags
   367 000002AE E8 [00000000]                   	CALL	_io_load_eflags
   368 000002B3 5A                              	POP	EDX
   369 000002B4 A9 00040000                     	TEST	EAX,262144
   370 000002B9 74 05                           	JE	L100
   371 000002BB BE 00000001                     	MOV	ESI,1
   372 000002C0                                 L100:
   373 000002C0 25 FFFBFFFF                     	AND	EAX,-262145
   374 000002C5 50                              	PUSH	EAX
   375 000002C6 E8 [00000000]                   	CALL	_io_store_eflags
   376 000002CB 89 F0                           	MOV	EAX,ESI
   377 000002CD 5B                              	POP	EBX
   378 000002CE 84 C0                           	TEST	AL,AL
   379 000002D0 75 31                           	JNE	L103
   380 000002D2                                 L101:
   381 000002D2 FF 75 0C                        	PUSH	DWORD [12+EBP]
   382 000002D5 FF 75 08                        	PUSH	DWORD [8+EBP]
   383 000002D8 E8 [00000000]                   	CALL	_memtest_sub
   384 000002DD 89 C3                           	MOV	EBX,EAX
   385 000002DF 58                              	POP	EAX
   386 000002E0 89 F0                           	MOV	EAX,ESI
   387 000002E2 5A                              	POP	EDX
   388 000002E3 84 C0                           	TEST	AL,AL
   389 000002E5 75 09                           	JNE	L104
   390 000002E7                                 L102:
   391 000002E7 8D 65 F8                        	LEA	ESP,DWORD [-8+EBP]
   392 000002EA 89 D8                           	MOV	EAX,EBX
   393 000002EC 5B                              	POP	EBX
   394 000002ED 5E                              	POP	ESI
   395 000002EE 5D                              	POP	EBP
   396 000002EF C3                              	RET
   397 000002F0                                 L104:
   398 000002F0 E8 [00000000]                   	CALL	_load_cr0
   399 000002F5 25 9FFFFFFF                     	AND	EAX,-1610612737
   400 000002FA 50                              	PUSH	EAX
   401 000002FB E8 [00000000]                   	CALL	_store_cr0
   402 00000300 59                              	POP	ECX
   403 00000301 EB E4                           	JMP	L102
   404 00000303                                 L103:
   405 00000303 E8 [00000000]                   	CALL	_load_cr0
   406 00000308 0D 60000000                     	OR	EAX,1610612736
   407 0000030D 50                              	PUSH	EAX
   408 0000030E E8 [00000000]                   	CALL	_store_cr0
   409 00000313 59                              	POP	ECX
   410 00000314 EB BC                           	JMP	L101
