     1 00000000                                 [FORMAT "WCOFF"]
     2 00000000                                 [INSTRSET "i486p"]
     3 00000000                                 [OPTIMIZE 1]
     4 00000000                                 [OPTION 1]
     5 00000000                                 [BITS 32]
     6 00000000                                 	EXTERN	_buddy_alloc
     7 00000000                                 [FILE "sheet.c"]
     8                                          [SECTION .text]
     9 00000000                                 	GLOBAL	_shtctl_init
    10 00000000                                 _shtctl_init:
    11 00000000 55                              	PUSH	EBP
    12 00000001 89 E5                           	MOV	EBP,ESP
    13 00000003 57                              	PUSH	EDI
    14 00000004 56                              	PUSH	ESI
    15 00000005 53                              	PUSH	EBX
    16 00000006 8B 75 08                        	MOV	ESI,DWORD [8+EBP]
    17 00000009 68 00002814                     	PUSH	10260
    18 0000000E 8B 7D 10                        	MOV	EDI,DWORD [16+EBP]
    19 00000011 56                              	PUSH	ESI
    20 00000012 E8 [00000000]                   	CALL	_buddy_alloc
    21 00000017 59                              	POP	ECX
    22 00000018 89 C3                           	MOV	EBX,EAX
    23 0000001A 58                              	POP	EAX
    24 0000001B 85 DB                           	TEST	EBX,EBX
    25 0000001D 74 4A                           	JE	L3
    26 0000001F 8B 45 14                        	MOV	EAX,DWORD [20+EBP]
    27 00000022 0F AF C7                        	IMUL	EAX,EDI
    28 00000025 50                              	PUSH	EAX
    29 00000026 56                              	PUSH	ESI
    30 00000027 E8 [00000000]                   	CALL	_buddy_alloc
    31 0000002C 85 C0                           	TEST	EAX,EAX
    32 0000002E 89 43 04                        	MOV	DWORD [4+EBX],EAX
    33 00000031 59                              	POP	ECX
    34 00000032 5A                              	POP	EDX
    35 00000033 74 3E                           	JE	L11
    36 00000035 8B 45 0C                        	MOV	EAX,DWORD [12+EBP]
    37 00000038 89 7B 08                        	MOV	DWORD [8+EBX],EDI
    38 0000003B 89 03                           	MOV	DWORD [EBX],EAX
    39 0000003D 8D 93 000023DC                  	LEA	EDX,DWORD [9180+EBX]
    40 00000043 8B 45 14                        	MOV	EAX,DWORD [20+EBP]
    41 00000046 89 43 0C                        	MOV	DWORD [12+EBX],EAX
    42 00000049 89 D8                           	MOV	EAX,EBX
    43 0000004B C7 43 10 FFFFFFFF               	MOV	DWORD [16+EBX],-1
    44 00000052                                 L9:
    45 00000052 C7 80 00000430 00000000         	MOV	DWORD [1072+EAX],0
    46 0000005C 89 98 00000434                  	MOV	DWORD [1076+EAX],EBX
    47 00000062 83 C0 24                        	ADD	EAX,36
    48 00000065 39 D0                           	CMP	EAX,EDX
    49 00000067 7E E9                           	JLE	L9
    50 00000069                                 L3:
    51 00000069 8D 65 F4                        	LEA	ESP,DWORD [-12+EBP]
    52 0000006C 89 D8                           	MOV	EAX,EBX
    53 0000006E 5B                              	POP	EBX
    54 0000006F 5E                              	POP	ESI
    55 00000070 5F                              	POP	EDI
    56 00000071 5D                              	POP	EBP
    57 00000072 C3                              	RET
    58 00000073                                 L11:
    59 00000073 68 00002814                     	PUSH	10260
    60 00000078 56                              	PUSH	ESI
    61 00000079 E8 [00000000]                   	CALL	_buddy_alloc
    62 0000007E 58                              	POP	EAX
    63 0000007F 5A                              	POP	EDX
    64 00000080 EB E7                           	JMP	L3
    65 00000082                                 	GLOBAL	_sheet_alloc
    66 00000082                                 _sheet_alloc:
    67 00000082 55                              	PUSH	EBP
    68 00000083 31 D2                           	XOR	EDX,EDX
    69 00000085 89 E5                           	MOV	EBP,ESP
    70 00000087 8B 45 08                        	MOV	EAX,DWORD [8+EBP]
    71 0000008A 05 00000414                     	ADD	EAX,1044
    72 0000008F                                 L18:
    73 0000008F 83 78 1C 00                     	CMP	DWORD [28+EAX],0
    74 00000093 74 10                           	JE	L21
    75 00000095 42                              	INC	EDX
    76 00000096 83 C0 24                        	ADD	EAX,36
    77 00000099 81 FA 000000FF                  	CMP	EDX,255
    78 0000009F 7E EE                           	JLE	L18
    79 000000A1 31 C0                           	XOR	EAX,EAX
    80 000000A3                                 L12:
    81 000000A3 5D                              	POP	EBP
    82 000000A4 C3                              	RET
    83 000000A5                                 L21:
    84 000000A5 C7 40 1C 00000001               	MOV	DWORD [28+EAX],1
    85 000000AC C7 40 18 FFFFFFFF               	MOV	DWORD [24+EAX],-1
    86 000000B3 EB EE                           	JMP	L12
    87 000000B5                                 	GLOBAL	_sheet_setbuf
    88 000000B5                                 _sheet_setbuf:
    89 000000B5 55                              	PUSH	EBP
    90 000000B6 89 E5                           	MOV	EBP,ESP
    91 000000B8 8B 55 08                        	MOV	EDX,DWORD [8+EBP]
    92 000000BB 8B 45 0C                        	MOV	EAX,DWORD [12+EBP]
    93 000000BE 89 02                           	MOV	DWORD [EDX],EAX
    94 000000C0 8B 45 10                        	MOV	EAX,DWORD [16+EBP]
    95 000000C3 89 42 04                        	MOV	DWORD [4+EDX],EAX
    96 000000C6 8B 45 14                        	MOV	EAX,DWORD [20+EBP]
    97 000000C9 89 42 08                        	MOV	DWORD [8+EDX],EAX
    98 000000CC 8B 45 18                        	MOV	EAX,DWORD [24+EBP]
    99 000000CF 89 42 14                        	MOV	DWORD [20+EDX],EAX
   100 000000D2 5D                              	POP	EBP
   101 000000D3 C3                              	RET
   102 000000D4                                 	GLOBAL	_sheet_updown
   103 000000D4                                 _sheet_updown:
   104 000000D4 55                              	PUSH	EBP
   105 000000D5 89 E5                           	MOV	EBP,ESP
   106 000000D7 57                              	PUSH	EDI
   107 000000D8 56                              	PUSH	ESI
   108 000000D9 53                              	PUSH	EBX
   109 000000DA 50                              	PUSH	EAX
   110 000000DB 8B 7D 08                        	MOV	EDI,DWORD [8+EBP]
   111 000000DE 8B 5D 0C                        	MOV	EBX,DWORD [12+EBP]
   112 000000E1 8B 77 20                        	MOV	ESI,DWORD [32+EDI]
   113 000000E4 8B 47 18                        	MOV	EAX,DWORD [24+EDI]
   114 000000E7 89 45 F0                        	MOV	DWORD [-16+EBP],EAX
   115 000000EA 8B 46 10                        	MOV	EAX,DWORD [16+ESI]
   116 000000ED 40                              	INC	EAX
   117 000000EE 39 C3                           	CMP	EBX,EAX
   118 000000F0 7E 02                           	JLE	L24
   119 000000F2 89 C3                           	MOV	EBX,EAX
   120 000000F4                                 L24:
   121 000000F4 83 FB FF                        	CMP	EBX,-1
   122 000000F7 7D 03                           	JGE	L25
   123 000000F9 83 CB FF                        	OR	EBX,-1
   124 000000FC                                 L25:
   125 000000FC 89 5F 18                        	MOV	DWORD [24+EDI],EBX
   126 000000FF 39 5D F0                        	CMP	DWORD [-16+EBP],EBX
   127 00000102 0F 8E 000000A8                  	JLE	L26
   128 00000108 85 DB                           	TEST	EBX,EBX
   129 0000010A 78 5C                           	JS	L27
   130 0000010C 8B 4D F0                        	MOV	ECX,DWORD [-16+EBP]
   131 0000010F                                 L32:
   132 0000010F 8B 44 8E 10                     	MOV	EAX,DWORD [16+ESI+ECX*4]
   133 00000113 89 44 8E 14                     	MOV	DWORD [20+ESI+ECX*4],EAX
   134 00000117 89 48 18                        	MOV	DWORD [24+EAX],ECX
   135 0000011A 49                              	DEC	ECX
   136 0000011B 39 D9                           	CMP	ECX,EBX
   137 0000011D 7F F0                           	JG	L32
   138 0000011F 89 7C 9E 14                     	MOV	DWORD [20+ESI+EBX*4],EDI
   139 00000123 43                              	INC	EBX
   140 00000124 53                              	PUSH	EBX
   141 00000125 8B 4F 10                        	MOV	ECX,DWORD [16+EDI]
   142 00000128 89 C8                           	MOV	EAX,ECX
   143 0000012A 03 47 08                        	ADD	EAX,DWORD [8+EDI]
   144 0000012D 50                              	PUSH	EAX
   145 0000012E 8B 57 0C                        	MOV	EDX,DWORD [12+EDI]
   146 00000131 89 D0                           	MOV	EAX,EDX
   147 00000133 03 47 04                        	ADD	EAX,DWORD [4+EDI]
   148 00000136 50                              	PUSH	EAX
   149 00000137 51                              	PUSH	ECX
   150 00000138 52                              	PUSH	EDX
   151 00000139 56                              	PUSH	ESI
   152 0000013A E8 00000352                     	CALL	_sheet_refreshmap
   153 0000013F FF 75 F0                        	PUSH	DWORD [-16+EBP]
   154 00000142                                 L62:
   155 00000142 53                              	PUSH	EBX
   156 00000143                                 L61:
   157 00000143 8B 4F 10                        	MOV	ECX,DWORD [16+EDI]
   158 00000146 89 C8                           	MOV	EAX,ECX
   159 00000148 03 47 08                        	ADD	EAX,DWORD [8+EDI]
   160 0000014B 50                              	PUSH	EAX
   161 0000014C 8B 57 0C                        	MOV	EDX,DWORD [12+EDI]
   162 0000014F 89 D0                           	MOV	EAX,EDX
   163 00000151 03 47 04                        	ADD	EAX,DWORD [4+EDI]
   164 00000154 50                              	PUSH	EAX
   165 00000155 51                              	PUSH	ECX
   166 00000156 52                              	PUSH	EDX
   167 00000157 56                              	PUSH	ESI
   168 00000158 E8 000000F7                     	CALL	_sheet_refreshsub
   169 0000015D 83 C4 34                        	ADD	ESP,52
   170 00000160                                 L23:
   171 00000160 8D 65 F4                        	LEA	ESP,DWORD [-12+EBP]
   172 00000163 5B                              	POP	EBX
   173 00000164 5E                              	POP	ESI
   174 00000165 5F                              	POP	EDI
   175 00000166 5D                              	POP	EBP
   176 00000167 C3                              	RET
   177 00000168                                 L27:
   178 00000168 8B 46 10                        	MOV	EAX,DWORD [16+ESI]
   179 0000016B 3B 45 F0                        	CMP	EAX,DWORD [-16+EBP]
   180 0000016E 7E 18                           	JLE	L34
   181 00000170 8B 4D F0                        	MOV	ECX,DWORD [-16+EBP]
   182 00000173 39 C1                           	CMP	ECX,EAX
   183 00000175 7D 11                           	JGE	L34
   184 00000177                                 L39:
   185 00000177 8B 44 8E 18                     	MOV	EAX,DWORD [24+ESI+ECX*4]
   186 0000017B 89 44 8E 14                     	MOV	DWORD [20+ESI+ECX*4],EAX
   187 0000017F 89 48 18                        	MOV	DWORD [24+EAX],ECX
   188 00000182 41                              	INC	ECX
   189 00000183 3B 4E 10                        	CMP	ECX,DWORD [16+ESI]
   190 00000186 7C EF                           	JL	L39
   191 00000188                                 L34:
   192 00000188 FF 4E 10                        	DEC	DWORD [16+ESI]
   193 0000018B 6A 00                           	PUSH	0
   194 0000018D 8B 4F 10                        	MOV	ECX,DWORD [16+EDI]
   195 00000190 89 C8                           	MOV	EAX,ECX
   196 00000192 03 47 08                        	ADD	EAX,DWORD [8+EDI]
   197 00000195 50                              	PUSH	EAX
   198 00000196 8B 57 0C                        	MOV	EDX,DWORD [12+EDI]
   199 00000199 89 D0                           	MOV	EAX,EDX
   200 0000019B 03 47 04                        	ADD	EAX,DWORD [4+EDI]
   201 0000019E 50                              	PUSH	EAX
   202 0000019F 51                              	PUSH	ECX
   203 000001A0 52                              	PUSH	EDX
   204 000001A1 56                              	PUSH	ESI
   205 000001A2 E8 000002EA                     	CALL	_sheet_refreshmap
   206 000001A7 8B 45 F0                        	MOV	EAX,DWORD [-16+EBP]
   207 000001AA 48                              	DEC	EAX
   208 000001AB 50                              	PUSH	EAX
   209 000001AC 6A 00                           	PUSH	0
   210 000001AE EB 93                           	JMP	L61
   211 000001B0                                 L26:
   212 000001B0 39 5D F0                        	CMP	DWORD [-16+EBP],EBX
   213 000001B3 7D AB                           	JGE	L23
   214 000001B5 83 7D F0 00                     	CMP	DWORD [-16+EBP],0
   215 000001B9 78 3C                           	JS	L42
   216 000001BB 8B 4D F0                        	MOV	ECX,DWORD [-16+EBP]
   217 000001BE 39 D9                           	CMP	ECX,EBX
   218 000001C0 7D 10                           	JGE	L58
   219 000001C2                                 L47:
   220 000001C2 8B 44 8E 18                     	MOV	EAX,DWORD [24+ESI+ECX*4]
   221 000001C6 89 44 8E 14                     	MOV	DWORD [20+ESI+ECX*4],EAX
   222 000001CA 89 48 18                        	MOV	DWORD [24+EAX],ECX
   223 000001CD 41                              	INC	ECX
   224 000001CE 39 D9                           	CMP	ECX,EBX
   225 000001D0 7C F0                           	JL	L47
   226 000001D2                                 L58:
   227 000001D2 89 7C 9E 14                     	MOV	DWORD [20+ESI+EBX*4],EDI
   228 000001D6                                 L48:
   229 000001D6 53                              	PUSH	EBX
   230 000001D7 8B 4F 10                        	MOV	ECX,DWORD [16+EDI]
   231 000001DA 89 C8                           	MOV	EAX,ECX
   232 000001DC 03 47 08                        	ADD	EAX,DWORD [8+EDI]
   233 000001DF 50                              	PUSH	EAX
   234 000001E0 8B 57 0C                        	MOV	EDX,DWORD [12+EDI]
   235 000001E3 89 D0                           	MOV	EAX,EDX
   236 000001E5 03 47 04                        	ADD	EAX,DWORD [4+EDI]
   237 000001E8 50                              	PUSH	EAX
   238 000001E9 51                              	PUSH	ECX
   239 000001EA 52                              	PUSH	EDX
   240 000001EB 56                              	PUSH	ESI
   241 000001EC E8 000002A0                     	CALL	_sheet_refreshmap
   242 000001F1 53                              	PUSH	EBX
   243 000001F2 E9 FFFFFF4B                     	JMP	L62
   244 000001F7                                 L42:
   245 000001F7 8B 4E 10                        	MOV	ECX,DWORD [16+ESI]
   246 000001FA 39 D9                           	CMP	ECX,EBX
   247 000001FC 7C 13                           	JL	L60
   248 000001FE                                 L53:
   249 000001FE 8B 54 8E 14                     	MOV	EDX,DWORD [20+ESI+ECX*4]
   250 00000202 8D 41 01                        	LEA	EAX,DWORD [1+ECX]
   251 00000205 89 54 8E 18                     	MOV	DWORD [24+ESI+ECX*4],EDX
   252 00000209 49                              	DEC	ECX
   253 0000020A 89 42 18                        	MOV	DWORD [24+EDX],EAX
   254 0000020D 39 D9                           	CMP	ECX,EBX
   255 0000020F 7D ED                           	JGE	L53
   256 00000211                                 L60:
   257 00000211 89 7C 9E 14                     	MOV	DWORD [20+ESI+EBX*4],EDI
   258 00000215 FF 46 10                        	INC	DWORD [16+ESI]
   259 00000218 EB BC                           	JMP	L48
   260 0000021A                                 	GLOBAL	_sheet_refresh
   261 0000021A                                 _sheet_refresh:
   262 0000021A 55                              	PUSH	EBP
   263 0000021B 89 E5                           	MOV	EBP,ESP
   264 0000021D 53                              	PUSH	EBX
   265 0000021E 8B 5D 08                        	MOV	EBX,DWORD [8+EBP]
   266 00000221 8B 43 18                        	MOV	EAX,DWORD [24+EBX]
   267 00000224 85 C0                           	TEST	EAX,EAX
   268 00000226 78 27                           	JS	L63
   269 00000228 50                              	PUSH	EAX
   270 00000229 50                              	PUSH	EAX
   271 0000022A 8B 4B 10                        	MOV	ECX,DWORD [16+EBX]
   272 0000022D 89 C8                           	MOV	EAX,ECX
   273 0000022F 03 4D 10                        	ADD	ECX,DWORD [16+EBP]
   274 00000232 03 45 18                        	ADD	EAX,DWORD [24+EBP]
   275 00000235 50                              	PUSH	EAX
   276 00000236 8B 53 0C                        	MOV	EDX,DWORD [12+EBX]
   277 00000239 89 D0                           	MOV	EAX,EDX
   278 0000023B 03 55 0C                        	ADD	EDX,DWORD [12+EBP]
   279 0000023E 03 45 14                        	ADD	EAX,DWORD [20+EBP]
   280 00000241 50                              	PUSH	EAX
   281 00000242 51                              	PUSH	ECX
   282 00000243 52                              	PUSH	EDX
   283 00000244 FF 73 20                        	PUSH	DWORD [32+EBX]
   284 00000247 E8 00000008                     	CALL	_sheet_refreshsub
   285 0000024C 83 C4 1C                        	ADD	ESP,28
   286 0000024F                                 L63:
   287 0000024F 8B 5D FC                        	MOV	EBX,DWORD [-4+EBP]
   288 00000252 C9                              	LEAVE
   289 00000253 C3                              	RET
   290 00000254                                 	GLOBAL	_sheet_refreshsub
   291 00000254                                 _sheet_refreshsub:
   292 00000254 55                              	PUSH	EBP
   293 00000255 89 E5                           	MOV	EBP,ESP
   294 00000257 57                              	PUSH	EDI
   295 00000258 56                              	PUSH	ESI
   296 00000259 53                              	PUSH	EBX
   297 0000025A 83 EC 2C                        	SUB	ESP,44
   298 0000025D 8B 45 08                        	MOV	EAX,DWORD [8+EBP]
   299 00000260 8B 55 08                        	MOV	EDX,DWORD [8+EBP]
   300 00000263 83 7D 0C 00                     	CMP	DWORD [12+EBP],0
   301 00000267 8B 00                           	MOV	EAX,DWORD [EAX]
   302 00000269 8B 52 04                        	MOV	EDX,DWORD [4+EDX]
   303 0000026C 89 45 D8                        	MOV	DWORD [-40+EBP],EAX
   304 0000026F 89 55 D4                        	MOV	DWORD [-44+EBP],EDX
   305 00000272 0F 88 0000013E                  	JS	L96
   306 00000278                                 L66:
   307 00000278 83 7D 10 00                     	CMP	DWORD [16+EBP],0
   308 0000027C 0F 88 00000128                  	JS	L97
   309 00000282                                 L67:
   310 00000282 8B 75 08                        	MOV	ESI,DWORD [8+EBP]
   311 00000285 8B 46 08                        	MOV	EAX,DWORD [8+ESI]
   312 00000288 39 45 14                        	CMP	DWORD [20+EBP],EAX
   313 0000028B 7E 03                           	JLE	L68
   314 0000028D 89 45 14                        	MOV	DWORD [20+EBP],EAX
   315 00000290                                 L68:
   316 00000290 8B 7D 08                        	MOV	EDI,DWORD [8+EBP]
   317 00000293 8B 47 0C                        	MOV	EAX,DWORD [12+EDI]
   318 00000296 39 45 18                        	CMP	DWORD [24+EBP],EAX
   319 00000299 7E 03                           	JLE	L69
   320 0000029B 89 45 18                        	MOV	DWORD [24+EBP],EAX
   321 0000029E                                 L69:
   322 0000029E 8B 55 08                        	MOV	EDX,DWORD [8+EBP]
   323 000002A1 8B 45 1C                        	MOV	EAX,DWORD [28+EBP]
   324 000002A4 89 45 F0                        	MOV	DWORD [-16+EBP],EAX
   325 000002A7 3B 42 10                        	CMP	EAX,DWORD [16+EDX]
   326 000002AA 0F 8F 000000D4                  	JG	L91
   327 000002B0                                 L89:
   328 000002B0 8B 7D 08                        	MOV	EDI,DWORD [8+EBP]
   329 000002B3 8B 75 F0                        	MOV	ESI,DWORD [-16+EBP]
   330 000002B6 8B 4D 10                        	MOV	ECX,DWORD [16+EBP]
   331 000002B9 8B 5C B7 14                     	MOV	EBX,DWORD [20+EDI+ESI*4]
   332 000002BD 8B 75 14                        	MOV	ESI,DWORD [20+EBP]
   333 000002C0 8B 03                           	MOV	EAX,DWORD [EBX]
   334 000002C2 8B 53 10                        	MOV	EDX,DWORD [16+EBX]
   335 000002C5 89 45 E0                        	MOV	DWORD [-32+EBP],EAX
   336 000002C8 29 D1                           	SUB	ECX,EDX
   337 000002CA 89 D8                           	MOV	EAX,EBX
   338 000002CC 29 F8                           	SUB	EAX,EDI
   339 000002CE 8B 7D 18                        	MOV	EDI,DWORD [24+EBP]
   340 000002D1 2D 00000414                     	SUB	EAX,1044
   341 000002D6 29 D7                           	SUB	EDI,EDX
   342 000002D8 C1 F8 02                        	SAR	EAX,2
   343 000002DB 8B 55 0C                        	MOV	EDX,DWORD [12+EBP]
   344 000002DE 69 C0 38E38E39                  	IMUL	EAX,EAX,954437177
   345 000002E4 88 45 D3                        	MOV	BYTE [-45+EBP],AL
   346 000002E7 89 7D C8                        	MOV	DWORD [-56+EBP],EDI
   347 000002EA 8B 43 0C                        	MOV	EAX,DWORD [12+EBX]
   348 000002ED 29 C6                           	SUB	ESI,EAX
   349 000002EF 29 C2                           	SUB	EDX,EAX
   350 000002F1 89 75 E4                        	MOV	DWORD [-28+EBP],ESI
   351 000002F4 89 55 E8                        	MOV	DWORD [-24+EBP],EDX
   352 000002F7 0F 88 000000A1                  	JS	L98
   353 000002FD                                 L74:
   354 000002FD 85 C9                           	TEST	ECX,ECX
   355 000002FF 0F 88 00000092                  	JS	L99
   356 00000305                                 L75:
   357 00000305 8B 43 04                        	MOV	EAX,DWORD [4+EBX]
   358 00000308 39 45 E4                        	CMP	DWORD [-28+EBP],EAX
   359 0000030B 7E 03                           	JLE	L76
   360 0000030D 89 45 E4                        	MOV	DWORD [-28+EBP],EAX
   361 00000310                                 L76:
   362 00000310 8B 43 08                        	MOV	EAX,DWORD [8+EBX]
   363 00000313 39 45 C8                        	CMP	DWORD [-56+EBP],EAX
   364 00000316 7E 03                           	JLE	L77
   365 00000318 89 45 C8                        	MOV	DWORD [-56+EBP],EAX
   366 0000031B                                 L77:
   367 0000031B 89 CE                           	MOV	ESI,ECX
   368 0000031D 3B 4D C8                        	CMP	ECX,DWORD [-56+EBP]
   369 00000320 7D 50                           	JGE	L93
   370 00000322                                 L88:
   371 00000322 8B 7B 10                        	MOV	EDI,DWORD [16+EBX]
   372 00000325 8B 4D E8                        	MOV	ECX,DWORD [-24+EBP]
   373 00000328 01 F7                           	ADD	EDI,ESI
   374 0000032A 3B 4D E4                        	CMP	ECX,DWORD [-28+EBP]
   375 0000032D 89 7D EC                        	MOV	DWORD [-20+EBP],EDI
   376 00000330 7D 3A                           	JGE	L95
   377 00000332                                 L87:
   378 00000332 89 F2                           	MOV	EDX,ESI
   379 00000334 8B 43 0C                        	MOV	EAX,DWORD [12+EBX]
   380 00000337 0F AF 53 04                     	IMUL	EDX,DWORD [4+EBX]
   381 0000033B 01 C8                           	ADD	EAX,ECX
   382 0000033D 8B 7D E0                        	MOV	EDI,DWORD [-32+EBP]
   383 00000340 01 CA                           	ADD	EDX,ECX
   384 00000342 89 45 CC                        	MOV	DWORD [-52+EBP],EAX
   385 00000345 8B 45 08                        	MOV	EAX,DWORD [8+EBP]
   386 00000348 8A 14 3A                        	MOV	DL,BYTE [EDX+EDI*1]
   387 0000034B 8B 7D D4                        	MOV	EDI,DWORD [-44+EBP]
   388 0000034E 88 55 DF                        	MOV	BYTE [-33+EBP],DL
   389 00000351 8B 55 EC                        	MOV	EDX,DWORD [-20+EBP]
   390 00000354 0F AF 50 08                     	IMUL	EDX,DWORD [8+EAX]
   391 00000358 03 55 CC                        	ADD	EDX,DWORD [-52+EBP]
   392 0000035B 8A 45 D3                        	MOV	AL,BYTE [-45+EBP]
   393 0000035E 89 55 CC                        	MOV	DWORD [-52+EBP],EDX
   394 00000361 38 04 3A                        	CMP	BYTE [EDX+EDI*1],AL
   395 00000364 74 26                           	JE	L100
   396 00000366                                 L84:
   397 00000366 41                              	INC	ECX
   398 00000367 3B 4D E4                        	CMP	ECX,DWORD [-28+EBP]
   399 0000036A 7C C6                           	JL	L87
   400 0000036C                                 L95:
   401 0000036C 46                              	INC	ESI
   402 0000036D 3B 75 C8                        	CMP	ESI,DWORD [-56+EBP]
   403 00000370 7C B0                           	JL	L88
   404 00000372                                 L93:
   405 00000372 8B 55 08                        	MOV	EDX,DWORD [8+EBP]
   406 00000375 FF 45 F0                        	INC	DWORD [-16+EBP]
   407 00000378 8B 45 F0                        	MOV	EAX,DWORD [-16+EBP]
   408 0000037B 3B 42 10                        	CMP	EAX,DWORD [16+EDX]
   409 0000037E 0F 8E FFFFFF2C                  	JLE	L89
   410 00000384                                 L91:
   411 00000384 83 C4 2C                        	ADD	ESP,44
   412 00000387 5B                              	POP	EBX
   413 00000388 5E                              	POP	ESI
   414 00000389 5F                              	POP	EDI
   415 0000038A 5D                              	POP	EBP
   416 0000038B C3                              	RET
   417 0000038C                                 L100:
   418 0000038C 8B 7D D8                        	MOV	EDI,DWORD [-40+EBP]
   419 0000038F 8A 45 DF                        	MOV	AL,BYTE [-33+EBP]
   420 00000392 88 04 3A                        	MOV	BYTE [EDX+EDI*1],AL
   421 00000395 EB CF                           	JMP	L84
   422 00000397                                 L99:
   423 00000397 31 C9                           	XOR	ECX,ECX
   424 00000399 E9 FFFFFF67                     	JMP	L75
   425 0000039E                                 L98:
   426 0000039E C7 45 E8 00000000               	MOV	DWORD [-24+EBP],0
   427 000003A5 E9 FFFFFF53                     	JMP	L74
   428 000003AA                                 L97:
   429 000003AA C7 45 10 00000000               	MOV	DWORD [16+EBP],0
   430 000003B1 E9 FFFFFECC                     	JMP	L67
   431 000003B6                                 L96:
   432 000003B6 C7 45 0C 00000000               	MOV	DWORD [12+EBP],0
   433 000003BD E9 FFFFFEB6                     	JMP	L66
   434 000003C2                                 	GLOBAL	_sheet_slide
   435 000003C2                                 _sheet_slide:
   436 000003C2 55                              	PUSH	EBP
   437 000003C3 89 E5                           	MOV	EBP,ESP
   438 000003C5 57                              	PUSH	EDI
   439 000003C6 56                              	PUSH	ESI
   440 000003C7 53                              	PUSH	EBX
   441 000003C8 50                              	PUSH	EAX
   442 000003C9 8B 5D 08                        	MOV	EBX,DWORD [8+EBP]
   443 000003CC 8B 43 20                        	MOV	EAX,DWORD [32+EBX]
   444 000003CF 8B 7B 0C                        	MOV	EDI,DWORD [12+EBX]
   445 000003D2 89 45 F0                        	MOV	DWORD [-16+EBP],EAX
   446 000003D5 8B 73 10                        	MOV	ESI,DWORD [16+EBX]
   447 000003D8 8B 45 0C                        	MOV	EAX,DWORD [12+EBP]
   448 000003DB 89 43 0C                        	MOV	DWORD [12+EBX],EAX
   449 000003DE 8B 45 10                        	MOV	EAX,DWORD [16+EBP]
   450 000003E1 89 43 10                        	MOV	DWORD [16+EBX],EAX
   451 000003E4 83 7B 18 00                     	CMP	DWORD [24+EBX],0
   452 000003E8 78 7C                           	JS	L101
   453 000003EA 6A 00                           	PUSH	0
   454 000003EC 89 F0                           	MOV	EAX,ESI
   455 000003EE 03 43 08                        	ADD	EAX,DWORD [8+EBX]
   456 000003F1 50                              	PUSH	EAX
   457 000003F2 89 F8                           	MOV	EAX,EDI
   458 000003F4 03 43 04                        	ADD	EAX,DWORD [4+EBX]
   459 000003F7 50                              	PUSH	EAX
   460 000003F8 56                              	PUSH	ESI
   461 000003F9 57                              	PUSH	EDI
   462 000003FA FF 75 F0                        	PUSH	DWORD [-16+EBP]
   463 000003FD E8 0000008F                     	CALL	_sheet_refreshmap
   464 00000402 8B 45 10                        	MOV	EAX,DWORD [16+EBP]
   465 00000405 FF 73 18                        	PUSH	DWORD [24+EBX]
   466 00000408 03 43 08                        	ADD	EAX,DWORD [8+EBX]
   467 0000040B 50                              	PUSH	EAX
   468 0000040C 8B 45 0C                        	MOV	EAX,DWORD [12+EBP]
   469 0000040F 03 43 04                        	ADD	EAX,DWORD [4+EBX]
   470 00000412 50                              	PUSH	EAX
   471 00000413 FF 75 10                        	PUSH	DWORD [16+EBP]
   472 00000416 FF 75 0C                        	PUSH	DWORD [12+EBP]
   473 00000419 FF 75 F0                        	PUSH	DWORD [-16+EBP]
   474 0000041C E8 00000070                     	CALL	_sheet_refreshmap
   475 00000421 8B 43 18                        	MOV	EAX,DWORD [24+EBX]
   476 00000424 83 C4 30                        	ADD	ESP,48
   477 00000427 48                              	DEC	EAX
   478 00000428 50                              	PUSH	EAX
   479 00000429 89 F0                           	MOV	EAX,ESI
   480 0000042B 6A 00                           	PUSH	0
   481 0000042D 03 43 08                        	ADD	EAX,DWORD [8+EBX]
   482 00000430 50                              	PUSH	EAX
   483 00000431 89 F8                           	MOV	EAX,EDI
   484 00000433 03 43 04                        	ADD	EAX,DWORD [4+EBX]
   485 00000436 50                              	PUSH	EAX
   486 00000437 56                              	PUSH	ESI
   487 00000438 57                              	PUSH	EDI
   488 00000439 FF 75 F0                        	PUSH	DWORD [-16+EBP]
   489 0000043C E8 FFFFFE13                     	CALL	_sheet_refreshsub
   490 00000441 8B 45 10                        	MOV	EAX,DWORD [16+EBP]
   491 00000444 FF 73 18                        	PUSH	DWORD [24+EBX]
   492 00000447 FF 73 18                        	PUSH	DWORD [24+EBX]
   493 0000044A 03 43 08                        	ADD	EAX,DWORD [8+EBX]
   494 0000044D 50                              	PUSH	EAX
   495 0000044E 8B 45 0C                        	MOV	EAX,DWORD [12+EBP]
   496 00000451 03 43 04                        	ADD	EAX,DWORD [4+EBX]
   497 00000454 50                              	PUSH	EAX
   498 00000455 FF 75 10                        	PUSH	DWORD [16+EBP]
   499 00000458 FF 75 0C                        	PUSH	DWORD [12+EBP]
   500 0000045B FF 75 F0                        	PUSH	DWORD [-16+EBP]
   501 0000045E E8 FFFFFDF1                     	CALL	_sheet_refreshsub
   502 00000463 83 C4 38                        	ADD	ESP,56
   503 00000466                                 L101:
   504 00000466 8D 65 F4                        	LEA	ESP,DWORD [-12+EBP]
   505 00000469 5B                              	POP	EBX
   506 0000046A 5E                              	POP	ESI
   507 0000046B 5F                              	POP	EDI
   508 0000046C 5D                              	POP	EBP
   509 0000046D C3                              	RET
   510 0000046E                                 	GLOBAL	_sheet_free
   511 0000046E                                 _sheet_free:
   512 0000046E 55                              	PUSH	EBP
   513 0000046F 89 E5                           	MOV	EBP,ESP
   514 00000471 53                              	PUSH	EBX
   515 00000472 8B 5D 08                        	MOV	EBX,DWORD [8+EBP]
   516 00000475 83 7B 18 00                     	CMP	DWORD [24+EBX],0
   517 00000479 78 0A                           	JS	L104
   518 0000047B 6A FF                           	PUSH	-1
   519 0000047D 53                              	PUSH	EBX
   520 0000047E E8 FFFFFC51                     	CALL	_sheet_updown
   521 00000483 58                              	POP	EAX
   522 00000484 5A                              	POP	EDX
   523 00000485                                 L104:
   524 00000485 C7 43 1C 00000000               	MOV	DWORD [28+EBX],0
   525 0000048C 8B 5D FC                        	MOV	EBX,DWORD [-4+EBP]
   526 0000048F C9                              	LEAVE
   527 00000490 C3                              	RET
   528 00000491                                 	GLOBAL	_sheet_refreshmap
   529 00000491                                 _sheet_refreshmap:
   530 00000491 55                              	PUSH	EBP
   531 00000492 89 E5                           	MOV	EBP,ESP
   532 00000494 57                              	PUSH	EDI
   533 00000495 56                              	PUSH	ESI
   534 00000496 53                              	PUSH	EBX
   535 00000497 83 EC 28                        	SUB	ESP,40
   536 0000049A 8B 45 08                        	MOV	EAX,DWORD [8+EBP]
   537 0000049D 83 7D 0C 00                     	CMP	DWORD [12+EBP],0
   538 000004A1 8B 40 04                        	MOV	EAX,DWORD [4+EAX]
   539 000004A4 89 45 D8                        	MOV	DWORD [-40+EBP],EAX
   540 000004A7 0F 88 00000135                  	JS	L136
   541 000004AD                                 L106:
   542 000004AD 83 7D 10 00                     	CMP	DWORD [16+EBP],0
   543 000004B1 0F 88 0000011F                  	JS	L137
   544 000004B7                                 L107:
   545 000004B7 8B 55 08                        	MOV	EDX,DWORD [8+EBP]
   546 000004BA 8B 42 08                        	MOV	EAX,DWORD [8+EDX]
   547 000004BD 39 45 14                        	CMP	DWORD [20+EBP],EAX
   548 000004C0 7E 03                           	JLE	L108
   549 000004C2 89 45 14                        	MOV	DWORD [20+EBP],EAX
   550 000004C5                                 L108:
   551 000004C5 8B 75 08                        	MOV	ESI,DWORD [8+EBP]
   552 000004C8 8B 46 0C                        	MOV	EAX,DWORD [12+ESI]
   553 000004CB 39 45 18                        	CMP	DWORD [24+EBP],EAX
   554 000004CE 7E 03                           	JLE	L109
   555 000004D0 89 45 18                        	MOV	DWORD [24+EBP],EAX
   556 000004D3                                 L109:
   557 000004D3 8B 45 08                        	MOV	EAX,DWORD [8+EBP]
   558 000004D6 8B 7D 1C                        	MOV	EDI,DWORD [28+EBP]
   559 000004D9 89 7D F0                        	MOV	DWORD [-16+EBP],EDI
   560 000004DC 3B 78 10                        	CMP	EDI,DWORD [16+EAX]
   561 000004DF 0F 8F 000000D6                  	JG	L131
   562 000004E5                                 L129:
   563 000004E5 8B 75 08                        	MOV	ESI,DWORD [8+EBP]
   564 000004E8 8B 55 F0                        	MOV	EDX,DWORD [-16+EBP]
   565 000004EB 8B 5D 10                        	MOV	EBX,DWORD [16+EBP]
   566 000004EE 8B 4C 96 14                     	MOV	ECX,DWORD [20+ESI+EDX*4]
   567 000004F2 89 C8                           	MOV	EAX,ECX
   568 000004F4 29 F0                           	SUB	EAX,ESI
   569 000004F6 8B 39                           	MOV	EDI,DWORD [ECX]
   570 000004F8 2D 00000414                     	SUB	EAX,1044
   571 000004FD 8B 51 10                        	MOV	EDX,DWORD [16+ECX]
   572 00000500 C1 F8 02                        	SAR	EAX,2
   573 00000503 89 7D E0                        	MOV	DWORD [-32+EBP],EDI
   574 00000506 69 C0 38E38E39                  	IMUL	EAX,EAX,954437177
   575 0000050C 8B 7D 18                        	MOV	EDI,DWORD [24+EBP]
   576 0000050F 29 D3                           	SUB	EBX,EDX
   577 00000511 29 D7                           	SUB	EDI,EDX
   578 00000513 88 45 DF                        	MOV	BYTE [-33+EBP],AL
   579 00000516 8B 75 14                        	MOV	ESI,DWORD [20+EBP]
   580 00000519 8B 55 0C                        	MOV	EDX,DWORD [12+EBP]
   581 0000051C 8B 41 0C                        	MOV	EAX,DWORD [12+ECX]
   582 0000051F 89 7D D4                        	MOV	DWORD [-44+EBP],EDI
   583 00000522 29 C6                           	SUB	ESI,EAX
   584 00000524 29 C2                           	SUB	EDX,EAX
   585 00000526 89 75 CC                        	MOV	DWORD [-52+EBP],ESI
   586 00000529 89 55 E4                        	MOV	DWORD [-28+EBP],EDX
   587 0000052C 0F 88 00000098                  	JS	L138
   588 00000532                                 L114:
   589 00000532 85 DB                           	TEST	EBX,EBX
   590 00000534 0F 88 00000089                  	JS	L139
   591 0000053A                                 L115:
   592 0000053A 8B 41 04                        	MOV	EAX,DWORD [4+ECX]
   593 0000053D 39 45 CC                        	CMP	DWORD [-52+EBP],EAX
   594 00000540 7E 03                           	JLE	L116
   595 00000542 89 45 CC                        	MOV	DWORD [-52+EBP],EAX
   596 00000545                                 L116:
   597 00000545 8B 41 08                        	MOV	EAX,DWORD [8+ECX]
   598 00000548 39 45 D4                        	CMP	DWORD [-44+EBP],EAX
   599 0000054B 7E 03                           	JLE	L117
   600 0000054D 89 45 D4                        	MOV	DWORD [-44+EBP],EAX
   601 00000550                                 L117:
   602 00000550 3B 5D D4                        	CMP	EBX,DWORD [-44+EBP]
   603 00000553 7D 54                           	JGE	L133
   604 00000555                                 L128:
   605 00000555 8B 71 10                        	MOV	ESI,DWORD [16+ECX]
   606 00000558 8B 55 E4                        	MOV	EDX,DWORD [-28+EBP]
   607 0000055B 01 DE                           	ADD	ESI,EBX
   608 0000055D 3B 55 CC                        	CMP	EDX,DWORD [-52+EBP]
   609 00000560 89 75 E8                        	MOV	DWORD [-24+EBP],ESI
   610 00000563 7D 3E                           	JGE	L135
   611 00000565                                 L127:
   612 00000565 89 D8                           	MOV	EAX,EBX
   613 00000567 8B 79 0C                        	MOV	EDI,DWORD [12+ECX]
   614 0000056A 0F AF 41 04                     	IMUL	EAX,DWORD [4+ECX]
   615 0000056E 01 D7                           	ADD	EDI,EDX
   616 00000570 8B 75 E0                        	MOV	ESI,DWORD [-32+EBP]
   617 00000573 01 D0                           	ADD	EAX,EDX
   618 00000575 89 7D EC                        	MOV	DWORD [-20+EBP],EDI
   619 00000578 0F B6 34 30                     	MOVZX	ESI,BYTE [EAX+ESI*1]
   620 0000057C 3B 71 14                        	CMP	ESI,DWORD [20+ECX]
   621 0000057F 74 1C                           	JE	L124
   622 00000581 8B 7D 08                        	MOV	EDI,DWORD [8+EBP]
   623 00000584 8B 45 E8                        	MOV	EAX,DWORD [-24+EBP]
   624 00000587 8B 75 D8                        	MOV	ESI,DWORD [-40+EBP]
   625 0000058A 0F AF 47 08                     	IMUL	EAX,DWORD [8+EDI]
   626 0000058E 03 45 EC                        	ADD	EAX,DWORD [-20+EBP]
   627 00000591 89 45 D0                        	MOV	DWORD [-48+EBP],EAX
   628 00000594 8A 45 DF                        	MOV	AL,BYTE [-33+EBP]
   629 00000597 8B 7D D0                        	MOV	EDI,DWORD [-48+EBP]
   630 0000059A 88 04 37                        	MOV	BYTE [EDI+ESI*1],AL
   631 0000059D                                 L124:
   632 0000059D 42                              	INC	EDX
   633 0000059E 3B 55 CC                        	CMP	EDX,DWORD [-52+EBP]
   634 000005A1 7C C2                           	JL	L127
   635 000005A3                                 L135:
   636 000005A3 43                              	INC	EBX
   637 000005A4 3B 5D D4                        	CMP	EBX,DWORD [-44+EBP]
   638 000005A7 7C AC                           	JL	L128
   639 000005A9                                 L133:
   640 000005A9 8B 55 08                        	MOV	EDX,DWORD [8+EBP]
   641 000005AC FF 45 F0                        	INC	DWORD [-16+EBP]
   642 000005AF 8B 45 F0                        	MOV	EAX,DWORD [-16+EBP]
   643 000005B2 3B 42 10                        	CMP	EAX,DWORD [16+EDX]
   644 000005B5 0F 8E FFFFFF2A                  	JLE	L129
   645 000005BB                                 L131:
   646 000005BB 83 C4 28                        	ADD	ESP,40
   647 000005BE 5B                              	POP	EBX
   648 000005BF 5E                              	POP	ESI
   649 000005C0 5F                              	POP	EDI
   650 000005C1 5D                              	POP	EBP
   651 000005C2 C3                              	RET
   652 000005C3                                 L139:
   653 000005C3 31 DB                           	XOR	EBX,EBX
   654 000005C5 E9 FFFFFF70                     	JMP	L115
   655 000005CA                                 L138:
   656 000005CA C7 45 E4 00000000               	MOV	DWORD [-28+EBP],0
   657 000005D1 E9 FFFFFF5C                     	JMP	L114
   658 000005D6                                 L137:
   659 000005D6 C7 45 10 00000000               	MOV	DWORD [16+EBP],0
   660 000005DD E9 FFFFFED5                     	JMP	L107
   661 000005E2                                 L136:
   662 000005E2 C7 45 0C 00000000               	MOV	DWORD [12+EBP],0
   663 000005E9 E9 FFFFFEBF                     	JMP	L106
